<?xml version="1.0" encoding="utf-8"?><testsuites name="pytest tests"><testsuite name="pytest" errors="0" failures="0" skipped="0" tests="20" time="6.005" timestamp="2026-05-27T20:07:38.839055-03:00" hostname="pop-os"><testcase classname="tests.test_auth" name="test_can_access_admin_false_for_user_role" time="0.003" /><testcase classname="tests.test_auth" name="test_get_authenticator" time="0.009" /><testcase classname="tests.test_auth" name="test_credentials_from_secrets_empty" time="0.003" /><testcase classname="tests.test_config" name="test_get_settings_uses_default_duckdb_path" time="0.012" /><testcase classname="tests.test_app" name="test_main_user_login_admin_role" time="0.016" /><testcase classname="tests.test_auth" name="test_login_pending_status_none" time="0.008" /><testcase classname="tests.test_app" name="test_main_user_not_authenticated" time="0.017" /><testcase classname="tests.test_auth" name="test_login_success_fallback_role" time="0.010" /><testcase classname="tests.test_auth" name="test_fallback_credentials" time="0.006" /><testcase classname="tests.test_auth" name="test_credentials_from_secrets_sucess" time="0.003" /><testcase classname="tests.test_auth" name="test_login_success_with_custom_role" time="0.004" /><testcase classname="tests.test_auth" name="test_login_status_true_but_missing_data" time="0.003" /><testcase classname="tests.test_config" name="test_ensure_duckdb_bootstrap_creates_tables" time="0.233" /><testcase classname="tests.test_auth" name="test_can_access_admin_true_for_admin_role" time="0.003" /><testcase classname="tests.test_auth" name="test_login_failed_status_false" time="0.005" /><testcase classname="tests.test_ml_contracts" name="test_model_result_with_cluster_metrics" time="0.003" /><testcase classname="tests.test_ml_contracts" name="test_model_result_with_classification_metrics" time="0.002" /><testcase classname="tests.test_telemetry" name="test_log_events_insert_rows" time="1.306" /><testcase classname="tests.test_ml_contracts" name="test_model_result_with_regression_metrics" time="0.002" /><testcase classname="tests.test_app" name="test_main_user_login_regular_role" time="0.022" /></testsuite></testsuites>